
   INFO  Server running on [http://0.0.0.0:8000].  

  Press Ctrl+C to stop the server

  2026-04-10 15:17:33 ...................................................................................... ~ 1.30ms
  2026-04-10 15:18:04 ..................................................................................... ~ 10.02ms
  2026-04-10 15:18:04 ..................................................................................... ~ 12.10ms
  2026-04-10 15:18:54 / .................................................................................. ~ 504.06ms
  2026-04-10 15:18:55 /favicon.ico ......................................................................... ~ 1.61ms
  2026-04-10 15:24:43 / .................................................................................. ~ 505.98ms
  2026-04-10 15:29:58 /assets/brand/hero-workshop.svg ...................................................... ~ 1.48ms
  2026-04-10 15:29:58 / .................................................................................. ~ 514.25ms
  2026-04-10 15:30:27 / .................................................................................... ~ 0.50ms
  2026-04-10 15:30:27 /assets/brand/hero-workshop.svg ...................................................... ~ 0.24ms
  2026-04-10 15:30:27 /assets/brand/product-escritorio.svg ................................................. ~ 1.61ms
  2026-04-10 15:30:27 /assets/brand/product-rack.svg ....................................................... ~ 2.84ms
  2026-04-10 15:30:27 /assets/brand/product-placard.svg .................................................... ~ 4.11ms
  2026-04-10 15:30:27 /assets/brand/product-cocina.svg ..................................................... ~ 4.01ms
  2026-04-10 15:36:07 /productos ............................................................................... ~ 1s
  2026-04-10 15:36:07 /productos/escritorio-nativo ....................................................... ~ 515.86ms
  2026-04-10 15:37:40 / .................................................................................... ~ 0.43ms
  2026-04-10 15:37:41 /assets/brand/hero-workshop.svg ...................................................... ~ 0.97ms
  2026-04-10 15:37:46 /productos ........................................................................... ~ 0.58ms
  2026-04-10 15:37:50 /productos ......................................................................... ~ 503.90ms
  2026-04-10 15:37:56 / .................................................................................... ~ 0.42ms
  2026-04-10 15:37:56 /assets/brand/hero-workshop.svg ...................................................... ~ 0.21ms
  2026-04-10 15:38:00 /productos ......................................................................... ~ 501.58ms
  2026-04-10 15:38:03 / .................................................................................. ~ 501.53ms
  2026-04-10 15:38:03 /assets/brand/hero-workshop.svg ...................................................... ~ 0.20ms
  2026-04-10 15:38:05 / .................................................................................... ~ 0.46ms
  2026-04-10 15:38:06 /assets/brand/hero-workshop.svg ...................................................... ~ 0.98ms

   INFO  Environment modified. Restarting server...  

   INFO  Server running on [http://0.0.0.0:8000].  

  Press Ctrl+C to stop the server

  2026-04-10 15:42:17 /productos/escritorio-nativo ....................................................... ~ 501.51ms
  2026-04-10 15:42:32 /productos ......................................................................... ~ 503.52ms
  2026-04-10 15:42:32 /productos/escritorio-nativo ....................................................... ~ 510.51ms
  2026-04-10 15:42:32 /productos/escritorio-nativo ....................................................... ~ 511.84ms
  2026-04-10 15:43:25 / .................................................................................... ~ 0.51ms
  2026-04-10 15:43:26 /assets/brand/product-escritorio.svg ................................................. ~ 0.25ms
  2026-04-10 15:43:26 /assets/brand/product-rack.svg ....................................................... ~ 1.59ms
  2026-04-10 15:43:26 /assets/brand/product-placard.svg .................................................... ~ 2.78ms
  2026-04-10 15:43:26 /assets/brand/product-cocina.svg ..................................................... ~ 4.00ms
  2026-04-10 15:43:26 /assets/brand/hero-workshop.svg ...................................................... ~ 3.93ms
  2026-04-10 15:43:30 / .................................................................................... ~ 0.49ms
  2026-04-10 15:43:30 /assets/brand/hero-workshop.svg ...................................................... ~ 0.93ms
  2026-04-10 15:43:30 /assets/brand/product-escritorio.svg ................................................. ~ 2.30ms
  2026-04-10 15:43:30 /assets/brand/product-rack.svg ....................................................... ~ 3.71ms
  2026-04-10 15:43:30 /assets/brand/product-placard.svg .................................................... ~ 4.98ms
  2026-04-10 15:43:30 /assets/brand/product-cocina.svg ..................................................... ~ 4.14ms
  2026-04-10 15:43:33 /productos ......................................................................... ~ 507.05ms
  2026-04-10 15:43:34 /assets/brand/product-cocina.svg ..................................................... ~ 0.20ms
  2026-04-10 15:43:39 /productos/cocina-modular-alba ..................................................... ~ 506.59ms
  2026-04-10 15:43:40 /assets/brand/product-cocina.svg ..................................................... ~ 0.20ms
  2026-04-10 15:44:19 /productos ......................................................................... ~ 515.58ms
  2026-04-10 15:44:19 /assets/brand/product-cocina.svg ..................................................... ~ 0.18ms
  2026-04-10 15:44:23 /productos ......................................................................... ~ 502.05ms
  2026-04-10 15:44:23 /assets/brand/product-placard.svg .................................................... ~ 0.21ms
  2026-04-10 15:44:24 /productos ......................................................................... ~ 500.98ms
  2026-04-10 15:44:25 /assets/brand/product-rack.svg ....................................................... ~ 0.21ms
  2026-04-10 15:44:26 /productos ......................................................................... ~ 504.40ms
  2026-04-10 15:44:26 /assets/brand/product-escritorio.svg ................................................. ~ 0.16ms
  2026-04-10 15:55:20 /admin/login ....................................................................... ~ 504.78ms
  2026-04-10 15:55:21 /admin ............................................................................. ~ 516.26ms
  2026-04-10 15:55:28 /productos/escritorio-nativo ....................................................... ~ 502.61ms
  2026-04-10 15:55:29 /admin/login ......................................................................... ~ 0.17ms
  2026-04-10 15:55:29 /admin/login ....................................................................... ~ 503.41ms
  2026-04-10 15:55:37 /admin/login ......................................................................... ~ 0.64ms
  2026-04-10 15:55:37 /admin/login ....................................................................... ~ 502.15ms
  2026-04-10 15:56:49 /productos ......................................................................... ~ 506.84ms
  2026-04-10 15:56:50 /assets/brand/product-escritorio.svg ................................................. ~ 0.19ms
  2026-04-10 15:56:53 /admin/login ......................................................................... ~ 0.40ms
  2026-04-10 15:57:00 /admin/login ............................................................................. ~ 1s
  2026-04-10 15:57:00 /admin ............................................................................... ~ 0.19ms
  2026-04-10 15:57:25 /admin/productos ..................................................................... ~ 0.47ms
  2026-04-10 15:57:26 /assets/brand/product-cocina.svg ..................................................... ~ 1.20ms
  2026-04-10 15:57:26 /assets/brand/product-escritorio.svg ................................................. ~ 2.50ms
  2026-04-10 15:57:26 /assets/brand/product-placard.svg .................................................... ~ 3.66ms
  2026-04-10 15:57:26 /assets/brand/product-rack.svg ....................................................... ~ 4.84ms
  2026-04-10 15:57:30 /admin/productos/cocina-modular-alba/edit .......................................... ~ 502.10ms
  2026-04-10 15:57:30 /assets/brand/product-cocina.svg ..................................................... ~ 0.15ms
  2026-04-10 16:01:05 /admin/productos/cocina-modular-alba ............................................... ~ 502.38ms
  2026-04-10 16:01:05 /admin/productos/cocina-modular-alba/edit .......................................... ~ 502.67ms
  2026-04-10 16:01:06 /uploads/products/89af9f03-0ab5-4bdb-86dd-5db69510a3c3.png ........................... ~ 0.19ms
  2026-04-10 16:01:10 /productos/cocina-modular-alba ....................................................... ~ 0.50ms
  2026-04-10 16:01:10 /uploads/products/89af9f03-0ab5-4bdb-86dd-5db69510a3c3.png ........................... ~ 1.00ms
  2026-04-10 16:02:16 /admin/productos/cocina-modular-alba ............................................... ~ 503.75ms
  2026-04-10 16:02:16 /admin/productos/cocina-modular-alba/edit .......................................... ~ 503.47ms
  2026-04-10 16:02:17 /uploads/products/89af9f03-0ab5-4bdb-86dd-5db69510a3c3.png ........................... ~ 0.20ms
  2026-04-10 16:02:19 / .................................................................................... ~ 0.42ms
  2026-04-10 16:02:19 /assets/brand/hero-workshop.svg ...................................................... ~ 0.97ms
  2026-04-10 16:02:19 /assets/brand/product-escritorio.svg ................................................. ~ 2.39ms
  2026-04-10 16:02:19 /assets/brand/product-rack.svg ....................................................... ~ 3.61ms
  2026-04-10 16:02:19 /assets/brand/product-placard.svg .................................................... ~ 4.78ms
  2026-04-10 16:02:19 /uploads/products/89af9f03-0ab5-4bdb-86dd-5db69510a3c3.png ........................... ~ 6.12ms
  2026-04-10 16:02:26 /productos ......................................................................... ~ 505.52ms
  2026-04-10 16:02:27 /assets/brand/product-escritorio.svg ................................................. ~ 0.24ms
  2026-04-10 16:02:27 /assets/brand/product-rack.svg ....................................................... ~ 1.45ms
  2026-04-10 16:02:27 /assets/brand/product-placard.svg .................................................... ~ 2.71ms
  2026-04-10 16:02:27 /uploads/products/89af9f03-0ab5-4bdb-86dd-5db69510a3c3.png ........................... ~ 3.94ms
  2026-04-10 16:02:36 /productos/escritorio-nativo ....................................................... ~ 504.19ms
  2026-04-10 16:02:36 /assets/brand/product-escritorio.svg ................................................. ~ 0.14ms
  2026-04-10 16:02:42 /admin ............................................................................. ~ 504.96ms
  2026-04-10 16:02:53 /admin/productos ................................................................... ~ 506.94ms
  2026-04-10 16:02:54 /assets/brand/product-escritorio.svg ................................................. ~ 0.22ms
  2026-04-10 16:02:54 /assets/brand/product-placard.svg .................................................... ~ 1.33ms
  2026-04-10 16:02:54 /assets/brand/product-rack.svg ....................................................... ~ 2.55ms
  2026-04-10 16:02:54 /uploads/products/89af9f03-0ab5-4bdb-86dd-5db69510a3c3.png ........................... ~ 3.87ms
  2026-04-10 16:02:57 /admin/productos/escritorio-nativo/edit ............................................ ~ 500.73ms
  2026-04-10 16:02:58 /assets/brand/product-escritorio.svg ................................................. ~ 0.27ms
  2026-04-10 16:05:19 /admin/productos/escritorio-nativo ................................................. ~ 505.52ms
  2026-04-10 16:05:20 /admin/productos/escritorio-nativo/edit .............................................. ~ 0.19ms
  2026-04-10 16:05:20 /uploads/products/f14b4aa2-3e77-4b15-a18a-e9df91ff4bdd.png ........................... ~ 0.93ms
  2026-04-10 16:05:56 /admin/productos/escritorio-nativo ................................................... ~ 0.48ms
  2026-04-10 16:05:56 /admin/productos/escritorio-nativo/edit ............................................ ~ 501.61ms
  2026-04-10 16:05:57 /uploads/products/f14b4aa2-3e77-4b15-a18a-e9df91ff4bdd.png ........................... ~ 0.21ms
  2026-04-10 16:06:06 /admin/productos ..................................................................... ~ 0.42ms
  2026-04-10 16:06:06 /uploads/products/f14b4aa2-3e77-4b15-a18a-e9df91ff4bdd.png ........................... ~ 1.07ms
  2026-04-10 16:06:06 /assets/brand/product-placard.svg .................................................... ~ 2.06ms
  2026-04-10 16:06:06 /assets/brand/product-rack.svg ....................................................... ~ 3.33ms
  2026-04-10 16:06:06 /uploads/products/89af9f03-0ab5-4bdb-86dd-5db69510a3c3.png ........................... ~ 4.62ms
  2026-04-10 16:06:13 /admin/productos/placard-andes/edit ................................................ ~ 502.26ms
  2026-04-10 16:06:13 /assets/brand/product-placard.svg .................................................... ~ 0.19ms
  2026-04-10 16:06:22 /admin/productos/placard-andes ..................................................... ~ 503.68ms
  2026-04-10 16:06:23 /admin/productos/placard-andes/edit .................................................. ~ 0.20ms
  2026-04-10 16:06:23 /uploads/products/11af25f2-9b78-4a50-bd6c-d4412a43d242.png ........................... ~ 0.20ms
  2026-04-10 16:06:42 /admin/productos/placard-andes ....................................................... ~ 0.46ms
  2026-04-10 16:06:43 /admin/productos/placard-andes/edit ................................................ ~ 502.32ms
  2026-04-10 16:06:43 /uploads/products/11af25f2-9b78-4a50-bd6c-d4412a43d242.png ........................... ~ 0.19ms
  2026-04-10 16:06:48 /admin/productos ..................................................................... ~ 0.39ms
  2026-04-10 16:06:48 /assets/brand/product-rack.svg ....................................................... ~ 0.98ms
  2026-04-10 16:06:48 /uploads/products/f14b4aa2-3e77-4b15-a18a-e9df91ff4bdd.png ........................... ~ 2.44ms
  2026-04-10 16:06:48 /uploads/products/11af25f2-9b78-4a50-bd6c-d4412a43d242.png ........................... ~ 3.38ms
  2026-04-10 16:06:48 /uploads/products/89af9f03-0ab5-4bdb-86dd-5db69510a3c3.png ........................... ~ 4.32ms
  2026-04-10 16:06:52 /admin/productos/rack-terra/edit ................................................... ~ 505.75ms
  2026-04-10 16:06:53 /assets/brand/product-rack.svg ....................................................... ~ 0.19ms
  2026-04-10 16:07:12 /admin/productos/rack-terra ........................................................ ~ 506.95ms
  2026-04-10 16:07:13 /admin/productos/rack-terra/edit ..................................................... ~ 0.19ms
  2026-04-10 16:07:13 /uploads/products/c6c5b658-079a-4372-b566-0ce47b7a79f3.png ........................... ~ 1.02ms
  2026-04-10 16:07:18 /admin/productos ................................................................... ~ 517.19ms
  2026-04-10 16:07:18 /uploads/products/c6c5b658-079a-4372-b566-0ce47b7a79f3.png ........................... ~ 0.24ms
  2026-04-10 16:07:18 /uploads/products/f14b4aa2-3e77-4b15-a18a-e9df91ff4bdd.png ........................... ~ 1.17ms
  2026-04-10 16:07:18 /uploads/products/11af25f2-9b78-4a50-bd6c-d4412a43d242.png ........................... ~ 2.11ms
  2026-04-10 16:07:18 /uploads/products/89af9f03-0ab5-4bdb-86dd-5db69510a3c3.png ........................... ~ 3.18ms
  2026-04-10 16:07:40 /productos ......................................................................... ~ 501.19ms
  2026-04-10 16:07:41 /uploads/products/f14b4aa2-3e77-4b15-a18a-e9df91ff4bdd.png ........................... ~ 0.22ms
  2026-04-10 16:07:41 /uploads/products/c6c5b658-079a-4372-b566-0ce47b7a79f3.png ........................... ~ 1.14ms
  2026-04-10 16:07:41 /uploads/products/11af25f2-9b78-4a50-bd6c-d4412a43d242.png ........................... ~ 2.28ms
  2026-04-10 16:07:41 /uploads/products/89af9f03-0ab5-4bdb-86dd-5db69510a3c3.png ........................... ~ 3.28ms
  2026-04-10 16:08:04 / .................................................................................. ~ 515.16ms
  2026-04-10 16:08:04 /uploads/products/f14b4aa2-3e77-4b15-a18a-e9df91ff4bdd.png ........................... ~ 0.51ms
  2026-04-10 16:08:04 /uploads/products/c6c5b658-079a-4372-b566-0ce47b7a79f3.png ........................... ~ 1.51ms
  2026-04-10 16:08:04 /assets/brand/hero-workshop.svg ...................................................... ~ 2.58ms
  2026-04-10 16:08:04 /uploads/products/11af25f2-9b78-4a50-bd6c-d4412a43d242.png ........................... ~ 3.89ms
  2026-04-10 16:08:04 /uploads/products/89af9f03-0ab5-4bdb-86dd-5db69510a3c3.png ........................... ~ 4.81ms
  2026-04-10 16:08:10 /admin ............................................................................... ~ 0.42ms
  2026-04-10 16:08:12 /admin ............................................................................. ~ 504.58ms
  2026-04-10 16:08:21 /admin/presupuestos ................................................................ ~ 502.31ms
  2026-04-10 16:08:22 /admin/productos ..................................................................... ~ 0.49ms
  2026-04-10 16:08:23 /uploads/products/f14b4aa2-3e77-4b15-a18a-e9df91ff4bdd.png ........................... ~ 1.01ms
  2026-04-10 16:08:23 /uploads/products/11af25f2-9b78-4a50-bd6c-d4412a43d242.png ........................... ~ 2.10ms
  2026-04-10 16:08:23 /uploads/products/c6c5b658-079a-4372-b566-0ce47b7a79f3.png ........................... ~ 3.00ms
  2026-04-10 16:08:23 /uploads/products/89af9f03-0ab5-4bdb-86dd-5db69510a3c3.png ........................... ~ 3.96ms
  2026-04-10 16:08:23 /admin/categorias .................................................................. ~ 503.50ms
  2026-04-10 16:08:24 /assets/brand/hero-workshop.svg ...................................................... ~ 0.19ms
  2026-04-10 16:08:24 /admin ............................................................................. ~ 503.99ms
  2026-04-10 16:08:31 /admin ............................................................................... ~ 0.54ms
  2026-04-10 16:09:10 /admin ............................................................................... ~ 0.45ms
  2026-04-10 16:13:17 /productos/rack-terra .............................................................. ~ 502.12ms
  2026-04-10 16:13:17 /uploads/products/c6c5b658-079a-4372-b566-0ce47b7a79f3.png ........................... ~ 0.17ms
